Start testing: Aug 07 07:50 EDT
----------------------------------------------------------
Unable to find executable: adaptors_test
1/42 Testing: adaptors_test
1/42 Test: adaptors_test
Command: ""
Directory: /home/arav/rlemon/lemon-1.3.1/build/test
"adaptors_test" start time: 
Output:
----------------------------------------------------------
<end of output>
Test time =   0.00 sec
----------------------------------------------------------
Test Passed.
"adaptors_test" end time: Aug 07 07:50 EDT
"adaptors_test" time elapsed: 00:00:00
----------------------------------------------------------

Unable to find executable: arc_look_up_test
2/42 Testing: arc_look_up_test
2/42 Test: arc_look_up_test
Command: ""
Directory: /home/arav/rlemon/lemon-1.3.1/build/test
"arc_look_up_test" start time: 
Output:
----------------------------------------------------------
<end of output>
Test time =   0.00 sec
----------------------------------------------------------
Test Passed.
"arc_look_up_test" end time: Aug 07 07:50 EDT
"arc_look_up_test" time elapsed: 00:00:00
----------------------------------------------------------

Unable to find executable: bellman_ford_test
3/42 Testing: bellman_ford_test
3/42 Test: bellman_ford_test
Command: ""
Directory: /home/arav/rlemon/lemon-1.3.1/build/test
"bellman_ford_test" start time: 
Output:
----------------------------------------------------------
<end of output>
Test time =   0.00 sec
----------------------------------------------------------
Test Passed.
"bellman_ford_test" end time: Aug 07 07:50 EDT
"bellman_ford_test" time elapsed: 00:00:00
----------------------------------------------------------

Unable to find executable: bfs_test
4/42 Testing: bfs_test
4/42 Test: bfs_test
Command: ""
Directory: /home/arav/rlemon/lemon-1.3.1/build/test
"bfs_test" start time: 
Output:
----------------------------------------------------------
<end of output>
Test time =   0.00 sec
----------------------------------------------------------
Test Passed.
"bfs_test" end time: Aug 07 07:50 EDT
"bfs_test" time elapsed: 00:00:00
----------------------------------------------------------

Unable to find executable: bpgraph_test
5/42 Testing: bpgraph_test
5/42 Test: bpgraph_test
Command: ""
Directory: /home/arav/rlemon/lemon-1.3.1/build/test
"bpgraph_test" start time: 
Output:
----------------------------------------------------------
<end of output>
Test time =   0.00 sec
----------------------------------------------------------
Test Passed.
"bpgraph_test" end time: Aug 07 07:50 EDT
"bpgraph_test" time elapsed: 00:00:00
----------------------------------------------------------

Unable to find executable: circulation_test
6/42 Testing: circulation_test
6/42 Test: circulation_test
Command: ""
Directory: /home/arav/rlemon/lemon-1.3.1/build/test
"circulation_test" start time: 
Output:
----------------------------------------------------------
<end of output>
Test time =   0.00 sec
----------------------------------------------------------
Test Passed.
"circulation_test" end time: Aug 07 07:50 EDT
"circulation_test" time elapsed: 00:00:00
----------------------------------------------------------

Unable to find executable: connectivity_test
7/42 Testing: connectivity_test
7/42 Test: connectivity_test
Command: ""
Directory: /home/arav/rlemon/lemon-1.3.1/build/test
"connectivity_test" start time: 
Output:
----------------------------------------------------------
<end of output>
Test time =   0.00 sec
----------------------------------------------------------
Test Passed.
"connectivity_test" end time: Aug 07 07:50 EDT
"connectivity_test" time elapsed: 00:00:00
----------------------------------------------------------

Unable to find executable: counter_test
8/42 Testing: counter_test
8/42 Test: counter_test
Command: ""
Directory: /home/arav/rlemon/lemon-1.3.1/build/test
"counter_test" start time: 
Output:
----------------------------------------------------------
<end of output>
Test time =   0.00 sec
----------------------------------------------------------
Test Passed.
"counter_test" end time: Aug 07 07:50 EDT
"counter_test" time elapsed: 00:00:00
----------------------------------------------------------

Unable to find executable: dfs_test
9/42 Testing: dfs_test
9/42 Test: dfs_test
Command: ""
Directory: /home/arav/rlemon/lemon-1.3.1/build/test
"dfs_test" start time: 
Output:
----------------------------------------------------------
<end of output>
Test time =   0.00 sec
----------------------------------------------------------
Test Passed.
"dfs_test" end time: Aug 07 07:50 EDT
"dfs_test" time elapsed: 00:00:00
----------------------------------------------------------

Unable to find executable: digraph_test
10/42 Testing: digraph_test
10/42 Test: digraph_test
Command: ""
Directory: /home/arav/rlemon/lemon-1.3.1/build/test
"digraph_test" start time: 
Output:
----------------------------------------------------------
<end of output>
Test time =   0.00 sec
----------------------------------------------------------
Test Passed.
"digraph_test" end time: Aug 07 07:50 EDT
"digraph_test" time elapsed: 00:00:00
----------------------------------------------------------

Unable to find executable: dijkstra_test
11/42 Testing: dijkstra_test
11/42 Test: dijkstra_test
Command: ""
Directory: /home/arav/rlemon/lemon-1.3.1/build/test
"dijkstra_test" start time: 
Output:
----------------------------------------------------------
<end of output>
Test time =   0.00 sec
----------------------------------------------------------
Test Passed.
"dijkstra_test" end time: Aug 07 07:50 EDT
"dijkstra_test" time elapsed: 00:00:00
----------------------------------------------------------

Unable to find executable: dim_test
12/42 Testing: dim_test
12/42 Test: dim_test
Command: ""
Directory: /home/arav/rlemon/lemon-1.3.1/build/test
"dim_test" start time: 
Output:
----------------------------------------------------------
<end of output>
Test time =   0.00 sec
----------------------------------------------------------
Test Passed.
"dim_test" end time: Aug 07 07:50 EDT
"dim_test" time elapsed: 00:00:00
----------------------------------------------------------

Unable to find executable: edge_set_test
13/42 Testing: edge_set_test
13/42 Test: edge_set_test
Command: ""
Directory: /home/arav/rlemon/lemon-1.3.1/build/test
"edge_set_test" start time: 
Output:
----------------------------------------------------------
<end of output>
Test time =   0.00 sec
----------------------------------------------------------
Test Passed.
"edge_set_test" end time: Aug 07 07:50 EDT
"edge_set_test" time elapsed: 00:00:00
----------------------------------------------------------

Unable to find executable: error_test
14/42 Testing: error_test
14/42 Test: error_test
Command: ""
Directory: /home/arav/rlemon/lemon-1.3.1/build/test
"error_test" start time: 
Output:
----------------------------------------------------------
<end of output>
Test time =   0.00 sec
----------------------------------------------------------
Test Passed.
"error_test" end time: Aug 07 07:50 EDT
"error_test" time elapsed: 00:00:00
----------------------------------------------------------

Unable to find executable: euler_test
15/42 Testing: euler_test
15/42 Test: euler_test
Command: ""
Directory: /home/arav/rlemon/lemon-1.3.1/build/test
"euler_test" start time: 
Output:
----------------------------------------------------------
<end of output>
Test time =   0.00 sec
----------------------------------------------------------
Test Passed.
"euler_test" end time: Aug 07 07:50 EDT
"euler_test" time elapsed: 00:00:00
----------------------------------------------------------

Unable to find executable: fractional_matching_test
16/42 Testing: fractional_matching_test
16/42 Test: fractional_matching_test
Command: ""
Directory: /home/arav/rlemon/lemon-1.3.1/build/test
"fractional_matching_test" start time: 
Output:
----------------------------------------------------------
<end of output>
Test time =   0.00 sec
----------------------------------------------------------
Test Passed.
"fractional_matching_test" end time: Aug 07 07:50 EDT
"fractional_matching_test" time elapsed: 00:00:00
----------------------------------------------------------

Unable to find executable: gomory_hu_test
17/42 Testing: gomory_hu_test
17/42 Test: gomory_hu_test
Command: ""
Directory: /home/arav/rlemon/lemon-1.3.1/build/test
"gomory_hu_test" start time: 
Output:
----------------------------------------------------------
<end of output>
Test time =   0.00 sec
----------------------------------------------------------
Test Passed.
"gomory_hu_test" end time: Aug 07 07:50 EDT
"gomory_hu_test" time elapsed: 00:00:00
----------------------------------------------------------

Unable to find executable: graph_copy_test
18/42 Testing: graph_copy_test
18/42 Test: graph_copy_test
Command: ""
Directory: /home/arav/rlemon/lemon-1.3.1/build/test
"graph_copy_test" start time: 
Output:
----------------------------------------------------------
<end of output>
Test time =   0.00 sec
----------------------------------------------------------
Test Passed.
"graph_copy_test" end time: Aug 07 07:50 EDT
"graph_copy_test" time elapsed: 00:00:00
----------------------------------------------------------

Unable to find executable: graph_test
19/42 Testing: graph_test
19/42 Test: graph_test
Command: ""
Directory: /home/arav/rlemon/lemon-1.3.1/build/test
"graph_test" start time: 
Output:
----------------------------------------------------------
<end of output>
Test time =   0.00 sec
----------------------------------------------------------
Test Passed.
"graph_test" end time: Aug 07 07:50 EDT
"graph_test" time elapsed: 00:00:00
----------------------------------------------------------

Unable to find executable: graph_utils_test
20/42 Testing: graph_utils_test
20/42 Test: graph_utils_test
Command: ""
Directory: /home/arav/rlemon/lemon-1.3.1/build/test
"graph_utils_test" start time: 
Output:
----------------------------------------------------------
<end of output>
Test time =   0.00 sec
----------------------------------------------------------
Test Passed.
"graph_utils_test" end time: Aug 07 07:50 EDT
"graph_utils_test" time elapsed: 00:00:00
----------------------------------------------------------

Unable to find executable: hao_orlin_test
21/42 Testing: hao_orlin_test
21/42 Test: hao_orlin_test
Command: ""
Directory: /home/arav/rlemon/lemon-1.3.1/build/test
"hao_orlin_test" start time: 
Output:
----------------------------------------------------------
<end of output>
Test time =   0.00 sec
----------------------------------------------------------
Test Passed.
"hao_orlin_test" end time: Aug 07 07:50 EDT
"hao_orlin_test" time elapsed: 00:00:00
----------------------------------------------------------

Unable to find executable: heap_test
22/42 Testing: heap_test
22/42 Test: heap_test
Command: ""
Directory: /home/arav/rlemon/lemon-1.3.1/build/test
"heap_test" start time: 
Output:
----------------------------------------------------------
<end of output>
Test time =   0.00 sec
----------------------------------------------------------
Test Passed.
"heap_test" end time: Aug 07 07:50 EDT
"heap_test" time elapsed: 00:00:00
----------------------------------------------------------

Unable to find executable: kruskal_test
23/42 Testing: kruskal_test
23/42 Test: kruskal_test
Command: ""
Directory: /home/arav/rlemon/lemon-1.3.1/build/test
"kruskal_test" start time: 
Output:
----------------------------------------------------------
<end of output>
Test time =   0.00 sec
----------------------------------------------------------
Test Passed.
"kruskal_test" end time: Aug 07 07:50 EDT
"kruskal_test" time elapsed: 00:00:00
----------------------------------------------------------

Unable to find executable: lgf_reader_writer_test
24/42 Testing: lgf_reader_writer_test
24/42 Test: lgf_reader_writer_test
Command: ""
Directory: /home/arav/rlemon/lemon-1.3.1/build/test
"lgf_reader_writer_test" start time: 
Output:
----------------------------------------------------------
<end of output>
Test time =   0.00 sec
----------------------------------------------------------
Test Passed.
"lgf_reader_writer_test" end time: Aug 07 07:50 EDT
"lgf_reader_writer_test" time elapsed: 00:00:00
----------------------------------------------------------

Unable to find executable: lgf_test
25/42 Testing: lgf_test
25/42 Test: lgf_test
Command: ""
Directory: /home/arav/rlemon/lemon-1.3.1/build/test
"lgf_test" start time: 
Output:
----------------------------------------------------------
<end of output>
Test time =   0.00 sec
----------------------------------------------------------
Test Passed.
"lgf_test" end time: Aug 07 07:50 EDT
"lgf_test" time elapsed: 00:00:00
----------------------------------------------------------

Unable to find executable: maps_test
26/42 Testing: maps_test
26/42 Test: maps_test
Command: ""
Directory: /home/arav/rlemon/lemon-1.3.1/build/test
"maps_test" start time: 
Output:
----------------------------------------------------------
<end of output>
Test time =   0.00 sec
----------------------------------------------------------
Test Passed.
"maps_test" end time: Aug 07 07:50 EDT
"maps_test" time elapsed: 00:00:00
----------------------------------------------------------

Unable to find executable: matching_test
27/42 Testing: matching_test
27/42 Test: matching_test
Command: ""
Directory: /home/arav/rlemon/lemon-1.3.1/build/test
"matching_test" start time: 
Output:
----------------------------------------------------------
<end of output>
Test time =   0.00 sec
----------------------------------------------------------
Test Passed.
"matching_test" end time: Aug 07 07:50 EDT
"matching_test" time elapsed: 00:00:00
----------------------------------------------------------

Unable to find executable: max_cardinality_search_test
28/42 Testing: max_cardinality_search_test
28/42 Test: max_cardinality_search_test
Command: ""
Directory: /home/arav/rlemon/lemon-1.3.1/build/test
"max_cardinality_search_test" start time: 
Output:
----------------------------------------------------------
<end of output>
Test time =   0.00 sec
----------------------------------------------------------
Test Passed.
"max_cardinality_search_test" end time: Aug 07 07:50 EDT
"max_cardinality_search_test" time elapsed: 00:00:00
----------------------------------------------------------

Unable to find executable: max_clique_test
29/42 Testing: max_clique_test
29/42 Test: max_clique_test
Command: ""
Directory: /home/arav/rlemon/lemon-1.3.1/build/test
"max_clique_test" start time: 
Output:
----------------------------------------------------------
<end of output>
Test time =   0.00 sec
----------------------------------------------------------
Test Passed.
"max_clique_test" end time: Aug 07 07:50 EDT
"max_clique_test" time elapsed: 00:00:00
----------------------------------------------------------

Unable to find executable: max_flow_test
30/42 Testing: max_flow_test
30/42 Test: max_flow_test
Command: ""
Directory: /home/arav/rlemon/lemon-1.3.1/build/test
"max_flow_test" start time: 
Output:
----------------------------------------------------------
<end of output>
Test time =   0.00 sec
----------------------------------------------------------
Test Passed.
"max_flow_test" end time: Aug 07 07:50 EDT
"max_flow_test" time elapsed: 00:00:00
----------------------------------------------------------

Unable to find executable: min_cost_arborescence_test
31/42 Testing: min_cost_arborescence_test
31/42 Test: min_cost_arborescence_test
Command: ""
Directory: /home/arav/rlemon/lemon-1.3.1/build/test
"min_cost_arborescence_test" start time: 
Output:
----------------------------------------------------------
<end of output>
Test time =   0.00 sec
----------------------------------------------------------
Test Passed.
"min_cost_arborescence_test" end time: Aug 07 07:50 EDT
"min_cost_arborescence_test" time elapsed: 00:00:00
----------------------------------------------------------

Unable to find executable: min_cost_flow_test
32/42 Testing: min_cost_flow_test
32/42 Test: min_cost_flow_test
Command: ""
Directory: /home/arav/rlemon/lemon-1.3.1/build/test
"min_cost_flow_test" start time: 
Output:
----------------------------------------------------------
<end of output>
Test time =   0.00 sec
----------------------------------------------------------
Test Passed.
"min_cost_flow_test" end time: Aug 07 07:50 EDT
"min_cost_flow_test" time elapsed: 00:00:00
----------------------------------------------------------

Unable to find executable: min_mean_cycle_test
33/42 Testing: min_mean_cycle_test
33/42 Test: min_mean_cycle_test
Command: ""
Directory: /home/arav/rlemon/lemon-1.3.1/build/test
"min_mean_cycle_test" start time: 
Output:
----------------------------------------------------------
<end of output>
Test time =   0.00 sec
----------------------------------------------------------
Test Passed.
"min_mean_cycle_test" end time: Aug 07 07:50 EDT
"min_mean_cycle_test" time elapsed: 00:00:00
----------------------------------------------------------

Unable to find executable: nagamochi_ibaraki_test
34/42 Testing: nagamochi_ibaraki_test
34/42 Test: nagamochi_ibaraki_test
Command: ""
Directory: /home/arav/rlemon/lemon-1.3.1/build/test
"nagamochi_ibaraki_test" start time: 
Output:
----------------------------------------------------------
<end of output>
Test time =   0.00 sec
----------------------------------------------------------
Test Passed.
"nagamochi_ibaraki_test" end time: Aug 07 07:50 EDT
"nagamochi_ibaraki_test" time elapsed: 00:00:00
----------------------------------------------------------

Unable to find executable: path_test
35/42 Testing: path_test
35/42 Test: path_test
Command: ""
Directory: /home/arav/rlemon/lemon-1.3.1/build/test
"path_test" start time: 
Output:
----------------------------------------------------------
<end of output>
Test time =   0.00 sec
----------------------------------------------------------
Test Passed.
"path_test" end time: Aug 07 07:50 EDT
"path_test" time elapsed: 00:00:00
----------------------------------------------------------

Unable to find executable: planarity_test
36/42 Testing: planarity_test
36/42 Test: planarity_test
Command: ""
Directory: /home/arav/rlemon/lemon-1.3.1/build/test
"planarity_test" start time: 
Output:
----------------------------------------------------------
<end of output>
Test time =   0.00 sec
----------------------------------------------------------
Test Passed.
"planarity_test" end time: Aug 07 07:50 EDT
"planarity_test" time elapsed: 00:00:00
----------------------------------------------------------

Unable to find executable: radix_sort_test
37/42 Testing: radix_sort_test
37/42 Test: radix_sort_test
Command: ""
Directory: /home/arav/rlemon/lemon-1.3.1/build/test
"radix_sort_test" start time: 
Output:
----------------------------------------------------------
<end of output>
Test time =   0.00 sec
----------------------------------------------------------
Test Passed.
"radix_sort_test" end time: Aug 07 07:50 EDT
"radix_sort_test" time elapsed: 00:00:00
----------------------------------------------------------

Unable to find executable: random_test
38/42 Testing: random_test
38/42 Test: random_test
Command: ""
Directory: /home/arav/rlemon/lemon-1.3.1/build/test
"random_test" start time: 
Output:
----------------------------------------------------------
<end of output>
Test time =   0.00 sec
----------------------------------------------------------
Test Passed.
"random_test" end time: Aug 07 07:50 EDT
"random_test" time elapsed: 00:00:00
----------------------------------------------------------

Unable to find executable: suurballe_test
39/42 Testing: suurballe_test
39/42 Test: suurballe_test
Command: ""
Directory: /home/arav/rlemon/lemon-1.3.1/build/test
"suurballe_test" start time: 
Output:
----------------------------------------------------------
<end of output>
Test time =   0.00 sec
----------------------------------------------------------
Test Passed.
"suurballe_test" end time: Aug 07 07:50 EDT
"suurballe_test" time elapsed: 00:00:00
----------------------------------------------------------

Unable to find executable: time_measure_test
40/42 Testing: time_measure_test
40/42 Test: time_measure_test
Command: ""
Directory: /home/arav/rlemon/lemon-1.3.1/build/test
"time_measure_test" start time: 
Output:
----------------------------------------------------------
<end of output>
Test time =   0.00 sec
----------------------------------------------------------
Test Passed.
"time_measure_test" end time: Aug 07 07:50 EDT
"time_measure_test" time elapsed: 00:00:00
----------------------------------------------------------

Unable to find executable: tsp_test
41/42 Testing: tsp_test
41/42 Test: tsp_test
Command: ""
Directory: /home/arav/rlemon/lemon-1.3.1/build/test
"tsp_test" start time: 
Output:
----------------------------------------------------------
<end of output>
Test time =   0.00 sec
----------------------------------------------------------
Test Passed.
"tsp_test" end time: Aug 07 07:50 EDT
"tsp_test" time elapsed: 00:00:00
----------------------------------------------------------

Unable to find executable: unionfind_test
42/42 Testing: unionfind_test
42/42 Test: unionfind_test
Command: ""
Directory: /home/arav/rlemon/lemon-1.3.1/build/test
"unionfind_test" start time: 
Output:
----------------------------------------------------------
<end of output>
Test time =   0.00 sec
----------------------------------------------------------
Test Passed.
"unionfind_test" end time: Aug 07 07:50 EDT
"unionfind_test" time elapsed: 00:00:00
----------------------------------------------------------

End testing: Aug 07 07:50 EDT
